This file contains any messages produced by compilers while
running configure, to aid debugging if configure makes a mistake.

It was created by smartmontools configure 6.7, which was
generated by GNU Autoconf 2.69.  Invocation command line was

  $ ./configure 

## --------- ##
## Platform. ##
## --------- ##

hostname = gan-1200-69.main.ad.rit.edu
uname -m = x86_64
uname -r = 16.7.0
uname -s = Darwin
uname -v = Darwin Kernel Version 16.7.0: Wed Oct  4 00:17:00 PDT 2017; root:xnu-3789.71.6~1/RELEASE_X86_64

/usr/bin/uname -p = i386
/bin/uname -X     = unknown

/bin/arch              = unknown
/usr/bin/arch -k       = unknown
/usr/convex/getsysinfo = unknown
/usr/bin/hostinfo      = Mach kernel version:
	 Darwin Kernel Version 16.7.0: Wed Oct  4 00:17:00 PDT 2017; root:xnu-3789.71.6~1/RELEASE_X86_64
Kernel configured for up to 8 processors.
4 processors are physically available.
8 processors are logically available.
Processor type: i486 (Intel 80486)
Processors active: 0 1 2 3 4 5 6 7
Primary memory available: 16.00 gigabytes
Default processor set: 318 tasks, 1391 threads, 8 processors
Load average: 2.44, Mach factor: 5.54
/bin/machine           = unknown
/usr/bin/oslevel       = unknown
/bin/universe          = unknown

PATH: /usr/local/bin
PATH: /usr/bin
PATH: /bin
PATH: /usr/sbin
PATH: /sbin
PATH: /usr/local/munki
PATH: /Library/Application Support/pinpoint/bin
PATH: /Users/txacias/.bin/shell-tools/smartctl


## ----------- ##
## Core tests. ##
## ----------- ##

configure:2473: checking for a BSD-compatible install
configure:2541: result: /usr/bin/install -c
configure:2552: checking whether build environment is sane
configure:2607: result: yes
configure:2758: checking for a thread-safe mkdir -p
configure:2797: result: ./install-sh -c -d
configure:2804: checking for gawk
configure:2834: result: no
configure:2804: checking for mawk
configure:2834: result: no
configure:2804: checking for nawk
configure:2834: result: no
configure:2804: checking for awk
configure:2820: found /usr/bin/awk
configure:2831: result: awk
configure:2842: checking whether make sets $(MAKE)
configure:2864: result: yes
configure:2893: checking whether make supports nested variables
configure:2910: result: yes
configure:3075: checking whether to enable maintainer-specific portions of Makefiles
configure:3084: result: no
configure:3162: checking for g++
configure:3178: found /usr/bin/g++
configure:3189: result: g++
configure:3216: checking for C++ compiler version
configure:3225: g++ --version >&5
Apple LLVM version 9.0.0 (clang-900.0.37)
Target: x86_64-apple-darwin16.7.0
Thread model: posix
InstalledDir: /Applications/Xcode.app/Contents/Developer/Toolchains/XcodeDefault.xctoolchain/usr/bin
Configured with: --prefix=/Applications/Xcode.app/Contents/Developer/usr --with-gxx-include-dir=/Applications/Xcode.app/Contents/Developer/Platforms/MacOSX.platform/Developer/SDKs/MacOSX10.13.sdk/usr/include/c++/4.2.1
configure:3236: $? = 0
configure:3225: g++ -v >&5
Configured with: --prefix=/Applications/Xcode.app/Contents/Developer/usr --with-gxx-include-dir=/Applications/Xcode.app/Contents/Developer/Platforms/MacOSX.platform/Developer/SDKs/MacOSX10.13.sdk/usr/include/c++/4.2.1
Apple LLVM version 9.0.0 (clang-900.0.37)
Target: x86_64-apple-darwin16.7.0
Thread model: posix
InstalledDir: /Applications/Xcode.app/Contents/Developer/Toolchains/XcodeDefault.xctoolchain/usr/bin
configure:3236: $? = 0
configure:3225: g++ -V >&5
clang: error: argument to '-V' is missing (expected 1 value)
clang: error: no input files
configure:3236: $? = 1
configure:3225: g++ -qversion >&5
clang: error: unknown argument: '-qversion'
clang: error: no input files
configure:3236: $? = 1
configure:3256: checking whether the C++ compiler works
configure:3278: g++    conftest.cpp  >&5
configure:3282: $? = 0
configure:3330: result: yes
configure:3333: checking for C++ compiler default output file name
configure:3335: result: a.out
configure:3341: checking for suffix of executables
configure:3348: g++ -o conftest    conftest.cpp  >&5
configure:3352: $? = 0
configure:3374: result: 
configure:3396: checking whether we are cross compiling
configure:3404: g++ -o conftest    conftest.cpp  >&5
configure:3408: $? = 0
configure:3415: ./conftest
configure:3419: $? = 0
configure:3434: result: no
configure:3439: checking for suffix of object files
configure:3461: g++ -c   conftest.cpp >&5
configure:3465: $? = 0
configure:3486: result: o
configure:3490: checking whether we are using the GNU C++ compiler
configure:3509: g++ -c   conftest.cpp >&5
configure:3509: $? = 0
configure:3518: result: yes
configure:3527: checking whether g++ accepts -g
configure:3547: g++ -c -g  conftest.cpp >&5
configure:3547: $? = 0
configure:3588: result: yes
configure:3622: checking for style of include used by make
configure:3650: result: GNU
configure:3676: checking dependency style of g++
configure:3787: result: gcc3
configure:3850: checking for gcc
configure:3866: found /usr/bin/gcc
configure:3877: result: gcc
configure:4106: checking for C compiler version
configure:4115: gcc --version >&5
Apple LLVM version 9.0.0 (clang-900.0.37)
Target: x86_64-apple-darwin16.7.0
Thread model: posix
InstalledDir: /Applications/Xcode.app/Contents/Developer/Toolchains/XcodeDefault.xctoolchain/usr/bin
Configured with: --prefix=/Applications/Xcode.app/Contents/Developer/usr --with-gxx-include-dir=/Applications/Xcode.app/Contents/Developer/Platforms/MacOSX.platform/Developer/SDKs/MacOSX10.13.sdk/usr/include/c++/4.2.1
configure:4126: $? = 0
configure:4115: gcc -v >&5
Configured with: --prefix=/Applications/Xcode.app/Contents/Developer/usr --with-gxx-include-dir=/Applications/Xcode.app/Contents/Developer/Platforms/MacOSX.platform/Developer/SDKs/MacOSX10.13.sdk/usr/include/c++/4.2.1
Apple LLVM version 9.0.0 (clang-900.0.37)
Target: x86_64-apple-darwin16.7.0
Thread model: posix
InstalledDir: /Applications/Xcode.app/Contents/Developer/Toolchains/XcodeDefault.xctoolchain/usr/bin
configure:4126: $? = 0
configure:4115: gcc -V >&5
clang: error: argument to '-V' is missing (expected 1 value)
clang: error: no input files
configure:4126: $? = 1
configure:4115: gcc -qversion >&5
clang: error: unknown argument: '-qversion'
clang: error: no input files
configure:4126: $? = 1
configure:4130: checking whether we are using the GNU C compiler
configure:4149: gcc -c   conftest.c >&5
configure:4149: $? = 0
configure:4158: result: yes
configure:4167: checking whether gcc accepts -g
configure:4187: gcc -c -g  conftest.c >&5
configure:4187: $? = 0
configure:4228: result: yes
configure:4245: checking for gcc option to accept ISO C89
configure:4308: gcc  -c -g -O2  conftest.c >&5
configure:4308: $? = 0
configure:4321: result: none needed
configure:4346: checking whether gcc understands -c and -o together
configure:4368: gcc -c conftest.c -o conftest2.o
configure:4371: $? = 0
configure:4368: gcc -c conftest.c -o conftest2.o
configure:4371: $? = 0
configure:4383: result: yes
configure:4402: checking dependency style of gcc
configure:4513: result: gcc3
configure:4537: checking dependency style of gcc
configure:4646: result: gcc3
configure:4665: WARNING: m4/pkg.m4 missing, systemd detection disabled
configure:4677: checking build system type
configure:4691: result: x86_64-apple-darwin16.7.0
configure:4711: checking host system type
configure:4724: result: x86_64-apple-darwin16.7.0
configure:4946: checking whether this is a build from SVN
configure:4972: result: yes
configure:4985: checking how to run the C++ preprocessor
configure:5012: g++ -E  conftest.cpp
configure:5012: $? = 0
configure:5026: g++ -E  conftest.cpp
conftest.cpp:16:10: fatal error: 'ac_nonexistent.h' file not found
#include <ac_nonexistent.h>
         ^~~~~~~~~~~~~~~~~~
1 error generated.
configure:5026: $? = 1
configure: failed program was:
| /* confdefs.h */
| #define PACKAGE_NAME "smartmontools"
| #define PACKAGE_TARNAME "smartmontools"
| #define PACKAGE_VERSION "6.7"
| #define PACKAGE_STRING "smartmontools 6.7"
| #define PACKAGE_BUGREPORT "smartmontools-support@listi.jpberlin.de"
| #define PACKAGE_URL ""
| #define PACKAGE "smartmontools"
| #define VERSION "6.7"
| #define SMARTMONTOOLS_CONFIGURE_ARGS ""
| #define SMARTMONTOOLS_RELEASE_DATE "2017-11-05"
| #define SMARTMONTOOLS_RELEASE_TIME "15:20:58 UTC"
| #define CONFIG_H_CVSID "$Id: configure.ac 4621 2017-11-16 18:05:45Z chrfranke $"
| #define PACKAGE_HOMEPAGE "http://www.smartmontools.org/"
| /* end confdefs.h.  */
| #include <ac_nonexistent.h>
configure:5051: result: g++ -E
configure:5071: g++ -E  conftest.cpp
configure:5071: $? = 0
configure:5085: g++ -E  conftest.cpp
conftest.cpp:16:10: fatal error: 'ac_nonexistent.h' file not found
#include <ac_nonexistent.h>
         ^~~~~~~~~~~~~~~~~~
1 error generated.
configure:5085: $? = 1
configure: failed program was:
| /* confdefs.h */
| #define PACKAGE_NAME "smartmontools"
| #define PACKAGE_TARNAME "smartmontools"
| #define PACKAGE_VERSION "6.7"
| #define PACKAGE_STRING "smartmontools 6.7"
| #define PACKAGE_BUGREPORT "smartmontools-support@listi.jpberlin.de"
| #define PACKAGE_URL ""
| #define PACKAGE "smartmontools"
| #define VERSION "6.7"
| #define SMARTMONTOOLS_CONFIGURE_ARGS ""
| #define SMARTMONTOOLS_RELEASE_DATE "2017-11-05"
| #define SMARTMONTOOLS_RELEASE_TIME "15:20:58 UTC"
| #define CONFIG_H_CVSID "$Id: configure.ac 4621 2017-11-16 18:05:45Z chrfranke $"
| #define PACKAGE_HOMEPAGE "http://www.smartmontools.org/"
| /* end confdefs.h.  */
| #include <ac_nonexistent.h>
configure:5114: checking for grep that handles long lines and -e
configure:5172: result: /usr/bin/grep
configure:5177: checking for egrep
configure:5239: result: /usr/bin/grep -E
configure:5244: checking for ANSI C header files
configure:5264: g++ -c -g -O2  conftest.cpp >&5
configure:5264: $? = 0
configure:5337: g++ -o conftest -g -O2   conftest.cpp  >&5
configure:5337: $? = 0
configure:5337: ./conftest
configure:5337: $? = 0
configure:5348: result: yes
configure:5361: checking for sys/types.h
configure:5361: g++ -c -g -O2  conftest.cpp >&5
configure:5361: $? = 0
configure:5361: result: yes
configure:5361: checking for sys/stat.h
configure:5361: g++ -c -g -O2  conftest.cpp >&5
configure:5361: $? = 0
configure:5361: result: yes
configure:5361: checking for stdlib.h
configure:5361: g++ -c -g -O2  conftest.cpp >&5
configure:5361: $? = 0
configure:5361: result: yes
configure:5361: checking for string.h
configure:5361: g++ -c -g -O2  conftest.cpp >&5
configure:5361: $? = 0
configure:5361: result: yes
configure:5361: checking for memory.h
configure:5361: g++ -c -g -O2  conftest.cpp >&5
configure:5361: $? = 0
configure:5361: result: yes
configure:5361: checking for strings.h
configure:5361: g++ -c -g -O2  conftest.cpp >&5
configure:5361: $? = 0
configure:5361: result: yes
configure:5361: checking for inttypes.h
configure:5361: g++ -c -g -O2  conftest.cpp >&5
configure:5361: $? = 0
configure:5361: result: yes
configure:5361: checking for stdint.h
configure:5361: g++ -c -g -O2  conftest.cpp >&5
configure:5361: $? = 0
configure:5361: result: yes
configure:5361: checking for unistd.h
configure:5361: g++ -c -g -O2  conftest.cpp >&5
configure:5361: $? = 0
configure:5361: result: yes
configure:5375: checking locale.h usability
configure:5375: g++ -c -g -O2  conftest.cpp >&5
configure:5375: $? = 0
configure:5375: result: yes
configure:5375: checking locale.h presence
configure:5375: g++ -E  conftest.cpp
configure:5375: $? = 0
configure:5375: result: yes
configure:5375: checking for locale.h
configure:5375: result: yes
configure:5387: checking for inttypes.h
configure:5387: result: yes
configure:5398: checking for stdint.h
configure:5398: result: yes
configure:5409: checking sys/inttypes.h usability
configure:5409: g++ -c -g -O2  conftest.cpp >&5
conftest.cpp:62:10: fatal error: 'sys/inttypes.h' file not found
#include <sys/inttypes.h>
         ^~~~~~~~~~~~~~~~
1 error generated.
configure:5409: $? = 1
configure: failed program was:
| /* confdefs.h */
| #define PACKAGE_NAME "smartmontools"
| #define PACKAGE_TARNAME "smartmontools"
| #define PACKAGE_VERSION "6.7"
| #define PACKAGE_STRING "smartmontools 6.7"
| #define PACKAGE_BUGREPORT "smartmontools-support@listi.jpberlin.de"
| #define PACKAGE_URL ""
| #define PACKAGE "smartmontools"
| #define VERSION "6.7"
| #define SMARTMONTOOLS_CONFIGURE_ARGS ""
| #define SMARTMONTOOLS_RELEASE_DATE "2017-11-05"
| #define SMARTMONTOOLS_RELEASE_TIME "15:20:58 UTC"
| #define CONFIG_H_CVSID "$Id: configure.ac 4621 2017-11-16 18:05:45Z chrfranke $"
| #define PACKAGE_HOMEPAGE "http://www.smartmontools.org/"
| #define STDC_HEADERS 1
| #define HAVE_SYS_TYPES_H 1
| #define HAVE_SYS_STAT_H 1
| #define HAVE_STDLIB_H 1
| #define HAVE_STRING_H 1
| #define HAVE_MEMORY_H 1
| #define HAVE_STRINGS_H 1
| #define HAVE_INTTYPES_H 1
| #define HAVE_STDINT_H 1
| #define HAVE_UNISTD_H 1
| #define HAVE_LOCALE_H 1
| #define HAVE_INTTYPES_H 1
| #define HAVE_STDINT_H 1
| /* end confdefs.h.  */
| #include <stdio.h>
| #ifdef HAVE_SYS_TYPES_H
| # include <sys/types.h>
| #endif
| #ifdef HAVE_SYS_STAT_H
| # include <sys/stat.h>
| #endif
| #ifdef STDC_HEADERS
| # include <stdlib.h>
| # include <stddef.h>
| #else
| # ifdef HAVE_STDLIB_H
| #  include <stdlib.h>
| # endif
| #endif
| #ifdef HAVE_STRING_H
| # if !defined STDC_HEADERS && defined HAVE_MEMORY_H
| #  include <memory.h>
| # endif
| # include <string.h>
| #endif
| #ifdef HAVE_STRINGS_H
| # include <strings.h>
| #endif
| #ifdef HAVE_INTTYPES_H
| # include <inttypes.h>
| #endif
| #ifdef HAVE_STDINT_H
| # include <stdint.h>
| #endif
| #ifdef HAVE_UNISTD_H
| # include <unistd.h>
| #endif
| #include <sys/inttypes.h>
configure:5409: result: no
configure:5409: checking sys/inttypes.h presence
configure:5409: g++ -E  conftest.cpp
conftest.cpp:29:10: fatal error: 'sys/inttypes.h' file not found
#include <sys/inttypes.h>
         ^~~~~~~~~~~~~~~~
1 error generated.
configure:5409: $? = 1
configure: failed program was:
| /* confdefs.h */
| #define PACKAGE_NAME "smartmontools"
| #define PACKAGE_TARNAME "smartmontools"
| #define PACKAGE_VERSION "6.7"
| #define PACKAGE_STRING "smartmontools 6.7"
| #define PACKAGE_BUGREPORT "smartmontools-support@listi.jpberlin.de"
| #define PACKAGE_URL ""
| #define PACKAGE "smartmontools"
| #define VERSION "6.7"
| #define SMARTMONTOOLS_CONFIGURE_ARGS ""
| #define SMARTMONTOOLS_RELEASE_DATE "2017-11-05"
| #define SMARTMONTOOLS_RELEASE_TIME "15:20:58 UTC"
| #define CONFIG_H_CVSID "$Id: configure.ac 4621 2017-11-16 18:05:45Z chrfranke $"
| #define PACKAGE_HOMEPAGE "http://www.smartmontools.org/"
| #define STDC_HEADERS 1
| #define HAVE_SYS_TYPES_H 1
| #define HAVE_SYS_STAT_H 1
| #define HAVE_STDLIB_H 1
| #define HAVE_STRING_H 1
| #define HAVE_MEMORY_H 1
| #define HAVE_STRINGS_H 1
| #define HAVE_INTTYPES_H 1
| #define HAVE_STDINT_H 1
| #define HAVE_UNISTD_H 1
| #define HAVE_LOCALE_H 1
| #define HAVE_INTTYPES_H 1
| #define HAVE_STDINT_H 1
| /* end confdefs.h.  */
| #include <sys/inttypes.h>
configure:5409: result: no
configure:5409: checking for sys/inttypes.h
configure:5409: result: no
configure:5420: checking sys/int_types.h usability
configure:5420: g++ -c -g -O2  conftest.cpp >&5
conftest.cpp:62:10: fatal error: 'sys/int_types.h' file not found
#include <sys/int_types.h>
         ^~~~~~~~~~~~~~~~~
1 error generated.
configure:5420: $? = 1
configure: failed program was:
| /* confdefs.h */
| #define PACKAGE_NAME "smartmontools"
| #define PACKAGE_TARNAME "smartmontools"
| #define PACKAGE_VERSION "6.7"
| #define PACKAGE_STRING "smartmontools 6.7"
| #define PACKAGE_BUGREPORT "smartmontools-support@listi.jpberlin.de"
| #define PACKAGE_URL ""
| #define PACKAGE "smartmontools"
| #define VERSION "6.7"
| #define SMARTMONTOOLS_CONFIGURE_ARGS ""
| #define SMARTMONTOOLS_RELEASE_DATE "2017-11-05"
| #define SMARTMONTOOLS_RELEASE_TIME "15:20:58 UTC"
| #define CONFIG_H_CVSID "$Id: configure.ac 4621 2017-11-16 18:05:45Z chrfranke $"
| #define PACKAGE_HOMEPAGE "http://www.smartmontools.org/"
| #define STDC_HEADERS 1
| #define HAVE_SYS_TYPES_H 1
| #define HAVE_SYS_STAT_H 1
| #define HAVE_STDLIB_H 1
| #define HAVE_STRING_H 1
| #define HAVE_MEMORY_H 1
| #define HAVE_STRINGS_H 1
| #define HAVE_INTTYPES_H 1
| #define HAVE_STDINT_H 1
| #define HAVE_UNISTD_H 1
| #define HAVE_LOCALE_H 1
| #define HAVE_INTTYPES_H 1
| #define HAVE_STDINT_H 1
| /* end confdefs.h.  */
| #include <stdio.h>
| #ifdef HAVE_SYS_TYPES_H
| # include <sys/types.h>
| #endif
| #ifdef HAVE_SYS_STAT_H
| # include <sys/stat.h>
| #endif
| #ifdef STDC_HEADERS
| # include <stdlib.h>
| # include <stddef.h>
| #else
| # ifdef HAVE_STDLIB_H
| #  include <stdlib.h>
| # endif
| #endif
| #ifdef HAVE_STRING_H
| # if !defined STDC_HEADERS && defined HAVE_MEMORY_H
| #  include <memory.h>
| # endif
| # include <string.h>
| #endif
| #ifdef HAVE_STRINGS_H
| # include <strings.h>
| #endif
| #ifdef HAVE_INTTYPES_H
| # include <inttypes.h>
| #endif
| #ifdef HAVE_STDINT_H
| # include <stdint.h>
| #endif
| #ifdef HAVE_UNISTD_H
| # include <unistd.h>
| #endif
| #include <sys/int_types.h>
configure:5420: result: no
configure:5420: checking sys/int_types.h presence
configure:5420: g++ -E  conftest.cpp
conftest.cpp:29:10: fatal error: 'sys/int_types.h' file not found
#include <sys/int_types.h>
         ^~~~~~~~~~~~~~~~~
1 error generated.
configure:5420: $? = 1
configure: failed program was:
| /* confdefs.h */
| #define PACKAGE_NAME "smartmontools"
| #define PACKAGE_TARNAME "smartmontools"
| #define PACKAGE_VERSION "6.7"
| #define PACKAGE_STRING "smartmontools 6.7"
| #define PACKAGE_BUGREPORT "smartmontools-support@listi.jpberlin.de"
| #define PACKAGE_URL ""
| #define PACKAGE "smartmontools"
| #define VERSION "6.7"
| #define SMARTMONTOOLS_CONFIGURE_ARGS ""
| #define SMARTMONTOOLS_RELEASE_DATE "2017-11-05"
| #define SMARTMONTOOLS_RELEASE_TIME "15:20:58 UTC"
| #define CONFIG_H_CVSID "$Id: configure.ac 4621 2017-11-16 18:05:45Z chrfranke $"
| #define PACKAGE_HOMEPAGE "http://www.smartmontools.org/"
| #define STDC_HEADERS 1
| #define HAVE_SYS_TYPES_H 1
| #define HAVE_SYS_STAT_H 1
| #define HAVE_STDLIB_H 1
| #define HAVE_STRING_H 1
| #define HAVE_MEMORY_H 1
| #define HAVE_STRINGS_H 1
| #define HAVE_INTTYPES_H 1
| #define HAVE_STDINT_H 1
| #define HAVE_UNISTD_H 1
| #define HAVE_LOCALE_H 1
| #define HAVE_INTTYPES_H 1
| #define HAVE_STDINT_H 1
| /* end confdefs.h.  */
| #include <sys/int_types.h>
configure:5420: result: no
configure:5420: checking for sys/int_types.h
configure:5420: result: no
configure:5546: checking for int64_t
configure:5546: g++ -c -g -O2  conftest.cpp >&5
configure:5546: $? = 0
configure:5546: g++ -c -g -O2  conftest.cpp >&5
conftest.cpp:65:22: error: expected expression
if (sizeof ((int64_t)))
                     ^
1 error generated.
configure:5546: $? = 1
configure: failed program was:
| /* confdefs.h */
| #define PACKAGE_NAME "smartmontools"
| #define PACKAGE_TARNAME "smartmontools"
| #define PACKAGE_VERSION "6.7"
| #define PACKAGE_STRING "smartmontools 6.7"
| #define PACKAGE_BUGREPORT "smartmontools-support@listi.jpberlin.de"
| #define PACKAGE_URL ""
| #define PACKAGE "smartmontools"
| #define VERSION "6.7"
| #define SMARTMONTOOLS_CONFIGURE_ARGS ""
| #define SMARTMONTOOLS_RELEASE_DATE "2017-11-05"
| #define SMARTMONTOOLS_RELEASE_TIME "15:20:58 UTC"
| #define CONFIG_H_CVSID "$Id: configure.ac 4621 2017-11-16 18:05:45Z chrfranke $"
| #define PACKAGE_HOMEPAGE "http://www.smartmontools.org/"
| #define STDC_HEADERS 1
| #define HAVE_SYS_TYPES_H 1
| #define HAVE_SYS_STAT_H 1
| #define HAVE_STDLIB_H 1
| #define HAVE_STRING_H 1
| #define HAVE_MEMORY_H 1
| #define HAVE_STRINGS_H 1
| #define HAVE_INTTYPES_H 1
| #define HAVE_STDINT_H 1
| #define HAVE_UNISTD_H 1
| #define HAVE_LOCALE_H 1
| #define HAVE_INTTYPES_H 1
| #define HAVE_STDINT_H 1
| /* end confdefs.h.  */
| #include <stdio.h>
| #ifdef HAVE_SYS_TYPES_H
| # include <sys/types.h>
| #endif
| #ifdef HAVE_SYS_STAT_H
| # include <sys/stat.h>
| #endif
| #ifdef STDC_HEADERS
| # include <stdlib.h>
| # include <stddef.h>
| #else
| # ifdef HAVE_STDLIB_H
| #  include <stdlib.h>
| # endif
| #endif
| #ifdef HAVE_STRING_H
| # if !defined STDC_HEADERS && defined HAVE_MEMORY_H
| #  include <memory.h>
| # endif
| # include <string.h>
| #endif
| #ifdef HAVE_STRINGS_H
| # include <strings.h>
| #endif
| #ifdef HAVE_INTTYPES_H
| # include <inttypes.h>
| #endif
| #ifdef HAVE_STDINT_H
| # include <stdint.h>
| #endif
| #ifdef HAVE_UNISTD_H
| # include <unistd.h>
| #endif
| int
| main ()
| {
| if (sizeof ((int64_t)))
| 	    return 0;
|   ;
|   return 0;
| }
configure:5546: result: yes
configure:5555: checking for uint64_t
configure:5555: g++ -c -g -O2  conftest.cpp >&5
configure:5555: $? = 0
configure:5555: g++ -c -g -O2  conftest.cpp >&5
conftest.cpp:66:23: error: expected expression
if (sizeof ((uint64_t)))
                      ^
1 error generated.
configure:5555: $? = 1
configure: failed program was:
| /* confdefs.h */
| #define PACKAGE_NAME "smartmontools"
| #define PACKAGE_TARNAME "smartmontools"
| #define PACKAGE_VERSION "6.7"
| #define PACKAGE_STRING "smartmontools 6.7"
| #define PACKAGE_BUGREPORT "smartmontools-support@listi.jpberlin.de"
| #define PACKAGE_URL ""
| #define PACKAGE "smartmontools"
| #define VERSION "6.7"
| #define SMARTMONTOOLS_CONFIGURE_ARGS ""
| #define SMARTMONTOOLS_RELEASE_DATE "2017-11-05"
| #define SMARTMONTOOLS_RELEASE_TIME "15:20:58 UTC"
| #define CONFIG_H_CVSID "$Id: configure.ac 4621 2017-11-16 18:05:45Z chrfranke $"
| #define PACKAGE_HOMEPAGE "http://www.smartmontools.org/"
| #define STDC_HEADERS 1
| #define HAVE_SYS_TYPES_H 1
| #define HAVE_SYS_STAT_H 1
| #define HAVE_STDLIB_H 1
| #define HAVE_STRING_H 1
| #define HAVE_MEMORY_H 1
| #define HAVE_STRINGS_H 1
| #define HAVE_INTTYPES_H 1
| #define HAVE_STDINT_H 1
| #define HAVE_UNISTD_H 1
| #define HAVE_LOCALE_H 1
| #define HAVE_INTTYPES_H 1
| #define HAVE_STDINT_H 1
| #define HAVE_INT64_T 1
| /* end confdefs.h.  */
| #include <stdio.h>
| #ifdef HAVE_SYS_TYPES_H
| # include <sys/types.h>
| #endif
| #ifdef HAVE_SYS_STAT_H
| # include <sys/stat.h>
| #endif
| #ifdef STDC_HEADERS
| # include <stdlib.h>
| # include <stddef.h>
| #else
| # ifdef HAVE_STDLIB_H
| #  include <stdlib.h>
| # endif
| #endif
| #ifdef HAVE_STRING_H
| # if !defined STDC_HEADERS && defined HAVE_MEMORY_H
| #  include <memory.h>
| # endif
| # include <string.h>
| #endif
| #ifdef HAVE_STRINGS_H
| # include <strings.h>
| #endif
| #ifdef HAVE_INTTYPES_H
| # include <inttypes.h>
| #endif
| #ifdef HAVE_STDINT_H
| # include <stdint.h>
| #endif
| #ifdef HAVE_UNISTD_H
| # include <unistd.h>
| #endif
| int
| main ()
| {
| if (sizeof ((uint64_t)))
| 	    return 0;
|   ;
|   return 0;
| }
configure:5555: result: yes
configure:5568: checking for getopt_long
configure:5568: g++ -o conftest -g -O2   conftest.cpp  >&5
configure:5568: $? = 0
configure:5568: result: yes
configure:5589: checking for regcomp
configure:5589: g++ -o conftest -g -O2   conftest.cpp  >&5
configure:5589: $? = 0
configure:5589: result: yes
configure:5611: checking for strtoull
configure:5611: g++ -o conftest -g -O2   conftest.cpp  >&5
configure:5611: $? = 0
configure:5611: result: yes
configure:5622: checking for uname
configure:5622: g++ -o conftest -g -O2   conftest.cpp  >&5
configure:5622: $? = 0
configure:5622: result: yes
configure:5634: checking for clock_gettime
configure:5634: g++ -o conftest -g -O2   conftest.cpp  >&5
configure:5634: $? = 0
configure:5634: result: yes
configure:5634: checking for ftime
configure:5634: g++ -o conftest -g -O2   conftest.cpp  >&5
configure:5634: $? = 0
configure:5634: result: yes
configure:5634: checking for gettimeofday
configure:5634: g++ -o conftest -g -O2   conftest.cpp  >&5
configure:5634: $? = 0
configure:5634: result: yes
configure:5645: checking whether byte ordering is bigendian
configure:5660: g++ -c -g -O2  conftest.cpp >&5
configure:5660: $? = 0
configure:5705: g++ -c -g -O2  conftest.cpp >&5
configure:5705: $? = 0
configure:5723: g++ -c -g -O2  conftest.cpp >&5
conftest.cpp:45:11: error: expected ';' after expression
                 not big endian
                        ^
                        ;
conftest.cpp:45:8: error: use of undeclared identifier 'big'
                 not big endian
                     ^
conftest.cpp:45:12: error: use of undeclared identifier 'endian'
                 not big endian
                         ^
3 errors generated.
configure:5723: $? = 1
configure: failed program was:
| /* confdefs.h */
| #define PACKAGE_NAME "smartmontools"
| #define PACKAGE_TARNAME "smartmontools"
| #define PACKAGE_VERSION "6.7"
| #define PACKAGE_STRING "smartmontools 6.7"
| #define PACKAGE_BUGREPORT "smartmontools-support@listi.jpberlin.de"
| #define PACKAGE_URL ""
| #define PACKAGE "smartmontools"
| #define VERSION "6.7"
| #define SMARTMONTOOLS_CONFIGURE_ARGS ""
| #define SMARTMONTOOLS_RELEASE_DATE "2017-11-05"
| #define SMARTMONTOOLS_RELEASE_TIME "15:20:58 UTC"
| #define CONFIG_H_CVSID "$Id: configure.ac 4621 2017-11-16 18:05:45Z chrfranke $"
| #define PACKAGE_HOMEPAGE "http://www.smartmontools.org/"
| #define STDC_HEADERS 1
| #define HAVE_SYS_TYPES_H 1
| #define HAVE_SYS_STAT_H 1
| #define HAVE_STDLIB_H 1
| #define HAVE_STRING_H 1
| #define HAVE_MEMORY_H 1
| #define HAVE_STRINGS_H 1
| #define HAVE_INTTYPES_H 1
| #define HAVE_STDINT_H 1
| #define HAVE_UNISTD_H 1
| #define HAVE_LOCALE_H 1
| #define HAVE_INTTYPES_H 1
| #define HAVE_STDINT_H 1
| #define HAVE_INT64_T 1
| #define HAVE_UINT64_T 1
| #define HAVE_GETOPT_LONG 1
| #define HAVE_REGCOMP 1
| #define HAVE_STRTOULL 1
| #define HAVE_UNAME 1
| #define HAVE_CLOCK_GETTIME 1
| #define HAVE_FTIME 1
| #define HAVE_GETTIMEOFDAY 1
| /* end confdefs.h.  */
| #include <sys/types.h>
| 		#include <sys/param.h>
| 
| int
| main ()
| {
| #if BYTE_ORDER != BIG_ENDIAN
| 		 not big endian
| 		#endif
| 
|   ;
|   return 0;
| }
configure:5851: result: no
configure:5873: checking whether g++ supports __attribute__((packed))
configure:5888: g++ -c -g -O2  conftest.cpp >&5
configure:5888: $? = 0
configure:5900: result: yes
configure:6271: checking for capng_clear in -lcap-ng
configure:6296: g++ -o conftest -g -O2   conftest.cpp -lcap-ng   >&5
ld: library not found for -lcap-ng
clang: error: linker command failed with exit code 1 (use -v to see invocation)
configure:6296: $? = 1
configure: failed program was:
| /* confdefs.h */
| #define PACKAGE_NAME "smartmontools"
| #define PACKAGE_TARNAME "smartmontools"
| #define PACKAGE_VERSION "6.7"
| #define PACKAGE_STRING "smartmontools 6.7"
| #define PACKAGE_BUGREPORT "smartmontools-support@listi.jpberlin.de"
| #define PACKAGE_URL ""
| #define PACKAGE "smartmontools"
| #define VERSION "6.7"
| #define SMARTMONTOOLS_CONFIGURE_ARGS ""
| #define SMARTMONTOOLS_RELEASE_DATE "2017-11-05"
| #define SMARTMONTOOLS_RELEASE_TIME "15:20:58 UTC"
| #define CONFIG_H_CVSID "$Id: configure.ac 4621 2017-11-16 18:05:45Z chrfranke $"
| #define PACKAGE_HOMEPAGE "http://www.smartmontools.org/"
| #define STDC_HEADERS 1
| #define HAVE_SYS_TYPES_H 1
| #define HAVE_SYS_STAT_H 1
| #define HAVE_STDLIB_H 1
| #define HAVE_STRING_H 1
| #define HAVE_MEMORY_H 1
| #define HAVE_STRINGS_H 1
| #define HAVE_INTTYPES_H 1
| #define HAVE_STDINT_H 1
| #define HAVE_UNISTD_H 1
| #define HAVE_LOCALE_H 1
| #define HAVE_INTTYPES_H 1
| #define HAVE_STDINT_H 1
| #define HAVE_INT64_T 1
| #define HAVE_UINT64_T 1
| #define HAVE_GETOPT_LONG 1
| #define HAVE_REGCOMP 1
| #define HAVE_STRTOULL 1
| #define HAVE_UNAME 1
| #define HAVE_CLOCK_GETTIME 1
| #define HAVE_FTIME 1
| #define HAVE_GETTIMEOFDAY 1
| #define HAVE_ATTR_PACKED 1
| /* end confdefs.h.  */
| 
| /* Override any GCC internal prototype to avoid an error.
|    Use char because int might match the return type of a GCC
|    builtin and then its argument prototype would still apply.  */
| #ifdef __cplusplus
| extern "C"
| #endif
| char capng_clear ();
| int
| main ()
| {
| return capng_clear ();
|   ;
|   return 0;
| }
configure:6305: result: no
configure:6328: checking whether to use libcap-ng
configure:6331: result: no
configure:6382: checking for sigaction
configure:6382: g++ -o conftest -g -O2   conftest.cpp  >&5
configure:6382: $? = 0
configure:6382: result: yes
configure:6601: checking for g++ option to accept C++11
configure:6590: g++ -c   conftest.cpp >&5
conftest.cpp:43:8: error: false
      #error false
       ^
conftest.cpp:46:7: warning: 'auto' type specifier is a C++11 extension [-Wc++11-extensions]
      auto cxx11(long v) noexcept -> decltype(v) {
      ^
conftest.cpp:46:26: error: expected function body after function declarator
      auto cxx11(long v) noexcept -> decltype(v) {
                         ^
1 warning and 2 errors generated.
configure:6590: $? = 1
configure: failed program was:
| /* confdefs.h */
| #define PACKAGE_NAME "smartmontools"
| #define PACKAGE_TARNAME "smartmontools"
| #define PACKAGE_VERSION "6.7"
| #define PACKAGE_STRING "smartmontools 6.7"
| #define PACKAGE_BUGREPORT "smartmontools-support@listi.jpberlin.de"
| #define PACKAGE_URL ""
| #define PACKAGE "smartmontools"
| #define VERSION "6.7"
| #define SMARTMONTOOLS_CONFIGURE_ARGS ""
| #define SMARTMONTOOLS_RELEASE_DATE "2017-11-05"
| #define SMARTMONTOOLS_RELEASE_TIME "15:20:58 UTC"
| #define CONFIG_H_CVSID "$Id: configure.ac 4621 2017-11-16 18:05:45Z chrfranke $"
| #define PACKAGE_HOMEPAGE "http://www.smartmontools.org/"
| #define STDC_HEADERS 1
| #define HAVE_SYS_TYPES_H 1
| #define HAVE_SYS_STAT_H 1
| #define HAVE_STDLIB_H 1
| #define HAVE_STRING_H 1
| #define HAVE_MEMORY_H 1
| #define HAVE_STRINGS_H 1
| #define HAVE_INTTYPES_H 1
| #define HAVE_STDINT_H 1
| #define HAVE_UNISTD_H 1
| #define HAVE_LOCALE_H 1
| #define HAVE_INTTYPES_H 1
| #define HAVE_STDINT_H 1
| #define HAVE_INT64_T 1
| #define HAVE_UINT64_T 1
| #define HAVE_GETOPT_LONG 1
| #define HAVE_REGCOMP 1
| #define HAVE_STRTOULL 1
| #define HAVE_UNAME 1
| #define HAVE_CLOCK_GETTIME 1
| #define HAVE_FTIME 1
| #define HAVE_GETTIMEOFDAY 1
| #define HAVE_ATTR_PACKED 1
| #define HAVE_SIGACTION 1
| #define HAVE_WORKING_SNPRINTF 1
| /* end confdefs.h.  */
| 
|       #if __cplusplus < 201103L
|       #error false
|       #endif
|       // use some C++11 features (and return v * 42 :-)
|       auto cxx11(long v) noexcept -> decltype(v) {
|         typedef decltype(v) t; t r = v;
|         static const t a[] = { -7, -1, 1, 2, 3 };
|         static_assert(sizeof(r) == sizeof(a[0]), "fail");
|         auto f = [](t x, t y){ return x * y; };
|         for (const auto & e : a) r = f(r, e);
|         return r;
|       }
| int
| main ()
| {
| 
|   ;
|   return 0;
| }
configure:6590: g++ -c -std=gnu++11  conftest.cpp >&5
configure:6590: $? = 0
configure:6607: result: -std=gnu++11
configure:6776: checking whether os_darwin.cpp uses new interface
configure:6787: result: yes
configure:6874: checking whether g++ supports -Wformat=2
configure:6889: g++ -c -g -O2 -Wall -W -Wformat=2  conftest.cpp >&5
configure:6889: $? = 0
configure:6895: result: yes
configure:6874: checking whether g++ supports -fstack-protector-strong
configure:6889: g++ -c -g -O2 -Wall -W -Wformat=2 -fstack-protector-strong  conftest.cpp >&5
configure:6889: $? = 0
configure:6895: result: yes
configure:7044: checking that generated files are newer than configure
configure:7050: result: done
configure:7150: creating ./config.status

## ---------------------- ##
## Running config.status. ##
## ---------------------- ##

This file was extended by smartmontools config.status 6.7, which was
generated by GNU Autoconf 2.69.  Invocation command line was

  CONFIG_FILES    = 
  CONFIG_HEADERS  = 
  CONFIG_LINKS    = 
  CONFIG_COMMANDS = 
  $ ./config.status 

on gan-1200-69.main.ad.rit.edu

config.status:965: creating Makefile
config.status:965: creating config.h
config.status:1146: config.h is unchanged
config.status:1194: executing depfiles commands
configure:8466: checking whether make sets $(MAKE)
configure:8488: result: yes
configure:8611:
-----------------------------------------------------------------------------
smartmontools-6.7 configuration:
host operating system:  x86_64-apple-darwin16.7.0
C++ compiler:           g++
C compiler:             gcc
preprocessor flags:     
C++ compiler flags:     -g -O2 -Wall -W -Wformat=2 -fstack-protector-strong
C compiler flags:       -g -O2
linker flags:           
OS specific modules:    os_darwin.o -framework CoreFoundation -framework IOKit 
binary install path:    /usr/local/sbin
man page install path:  /usr/local/share/man
doc file install path:  /usr/local/share/doc/smartmontools
examples install path:  /usr/local/share/doc/smartmontools/examplescripts
drive database file:    /usr/local/share/smartmontools/drivedb.h
database update script: /usr/local/sbin/update-smart-drivedb
database update branch: branches/RELEASE_6_6_DRIVEDB
download tools:         curl wget lynx svn
GnuPG for verification: gpg
local drive database:   /usr/local/etc/smart_drivedb.h
smartd config file:     /usr/local/etc/smartd.conf
smartd warning script:  /usr/local/etc/smartd_warning.sh
smartd plugin path:     /usr/local/etc/smartd_warning.d
PATH within scripts:    /usr/local/bin:/usr/bin:/bin
smartd initd script:    [disabled]
smartd save files:      [disabled]
smartd attribute logs:  [disabled]
libcap-ng support:      no
NVMe DEVICESCAN:        no
-----------------------------------------------------------------------------

configure:8625: WARNING:
This version of smartmontools provides NVMe support which is still
EXPERIMENTAL.  NVMe devices are not yet included in smartd.conf
'DEVICESCAN' and 'smartctl --scan' unless '-d nvme' is specified.
Use option '--with-nvme-devicescan' to include NVMe devices.
Use option '--without-nvme-devicescan' to suppress this warning.


## ---------------- ##
## Cache variables. ##
## ---------------- ##

ac_cv_build=x86_64-apple-darwin16.7.0
ac_cv_c_bigendian=no
ac_cv_c_compiler_gnu=yes
ac_cv_cxx_compiler_gnu=yes
ac_cv_env_CCASFLAGS_set=
ac_cv_env_CCASFLAGS_value=
ac_cv_env_CCAS_set=
ac_cv_env_CCAS_value=
ac_cv_env_CCC_set=
ac_cv_env_CCC_value=
ac_cv_env_CC_set=
ac_cv_env_CC_value=
ac_cv_env_CFLAGS_set=
ac_cv_env_CFLAGS_value=
ac_cv_env_CPPFLAGS_set=
ac_cv_env_CPPFLAGS_value=
ac_cv_env_CXXCPP_set=
ac_cv_env_CXXCPP_value=
ac_cv_env_CXXFLAGS_set=
ac_cv_env_CXXFLAGS_value=
ac_cv_env_CXX_set=
ac_cv_env_CXX_value=
ac_cv_env_LDFLAGS_set=
ac_cv_env_LDFLAGS_value=
ac_cv_env_LIBS_set=
ac_cv_env_LIBS_value=
ac_cv_env_MAKENSIS_set=
ac_cv_env_MAKENSIS_value=
ac_cv_env_WINDMC_set=
ac_cv_env_WINDMC_value=
ac_cv_env_WINDRES_set=
ac_cv_env_WINDRES_value=
ac_cv_env_build_alias_set=
ac_cv_env_build_alias_value=
ac_cv_env_host_alias_set=
ac_cv_env_host_alias_value=
ac_cv_env_target_alias_set=
ac_cv_env_target_alias_value=
ac_cv_func_clock_gettime=yes
ac_cv_func_ftime=yes
ac_cv_func_getopt_long=yes
ac_cv_func_gettimeofday=yes
ac_cv_func_regcomp=yes
ac_cv_func_sigaction=yes
ac_cv_func_strtoull=yes
ac_cv_func_uname=yes
ac_cv_header_inttypes_h=yes
ac_cv_header_locale_h=yes
ac_cv_header_memory_h=yes
ac_cv_header_stdc=yes
ac_cv_header_stdint_h=yes
ac_cv_header_stdlib_h=yes
ac_cv_header_string_h=yes
ac_cv_header_strings_h=yes
ac_cv_header_sys_int_types_h=no
ac_cv_header_sys_inttypes_h=no
ac_cv_header_sys_stat_h=yes
ac_cv_header_sys_types_h=yes
ac_cv_header_unistd_h=yes
ac_cv_host=x86_64-apple-darwin16.7.0
ac_cv_lib_cap_ng_capng_clear=no
ac_cv_objext=o
ac_cv_path_EGREP='/usr/bin/grep -E'
ac_cv_path_GREP=/usr/bin/grep
ac_cv_path_install='/usr/bin/install -c'
ac_cv_prog_AWK=awk
ac_cv_prog_CXXCPP='g++ -E'
ac_cv_prog_ac_ct_CC=gcc
ac_cv_prog_ac_ct_CXX=g++
ac_cv_prog_cc_c89=
ac_cv_prog_cc_g=yes
ac_cv_prog_cxx_g=yes
ac_cv_prog_make_make_set=yes
ac_cv_type_int64_t=yes
ac_cv_type_uint64_t=yes
am_cv_CCAS_dependencies_compiler_type=gcc3
am_cv_CC_dependencies_compiler_type=gcc3
am_cv_CXX_dependencies_compiler_type=gcc3
am_cv_make_support_nested_variables=yes
am_cv_prog_cc_c_o=yes

## ----------------- ##
## Output variables. ##
## ----------------- ##

ACLOCAL='${SHELL} /Users/txacias/PycharmProjects/DrivebaseToolset/lib/smartmontools/missing aclocal-1.15'
AMDEPBACKSLASH='\'
AMDEP_FALSE='#'
AMDEP_TRUE=''
AMTAR='$${TAR-tar}'
AM_BACKSLASH='\'
AM_DEFAULT_V='$(AM_DEFAULT_VERBOSITY)'
AM_DEFAULT_VERBOSITY='1'
AM_V='$(V)'
ASFLAGS=''
AUTOCONF='${SHELL} /Users/txacias/PycharmProjects/DrivebaseToolset/lib/smartmontools/missing autoconf'
AUTOHEADER='${SHELL} /Users/txacias/PycharmProjects/DrivebaseToolset/lib/smartmontools/missing autoheader'
AUTOMAKE='${SHELL} /Users/txacias/PycharmProjects/DrivebaseToolset/lib/smartmontools/missing automake-1.15'
AWK='awk'
CAPNG_LDADD=''
CC='gcc'
CCAS='gcc'
CCASDEPMODE='depmode=gcc3'
CCASFLAGS='-g -O2'
CCDEPMODE='depmode=gcc3'
CFLAGS='-g -O2'
CPPFLAGS=''
CXX='g++'
CXXCPP='g++ -E'
CXXDEPMODE='depmode=gcc3'
CXXFLAGS='-g -O2 -Wall -W -Wformat=2 -fstack-protector-strong'
CYGPATH_W='echo'
DEFS='-DHAVE_CONFIG_H'
DEPDIR='.deps'
DRIVEDB_BRANCH='RELEASE_6_6_DRIVEDB'
ECHO_C='\c'
ECHO_N=''
ECHO_T=''
EGREP='/usr/bin/grep -E'
ENABLE_ATTRIBUTELOG_FALSE=''
ENABLE_ATTRIBUTELOG_TRUE='#'
ENABLE_DRIVEDB_FALSE='#'
ENABLE_DRIVEDB_TRUE=''
ENABLE_SAVESTATES_FALSE=''
ENABLE_SAVESTATES_TRUE='#'
ENABLE_SCRIPTPATH_FALSE='#'
ENABLE_SCRIPTPATH_TRUE=''
ENABLE_UPDATE_SMART_DRIVEDB_FALSE='#'
ENABLE_UPDATE_SMART_DRIVEDB_TRUE=''
EXEEXT=''
GREP='/usr/bin/grep'
INSTALL_DATA='${INSTALL} -m 644'
INSTALL_INITSCRIPT_FALSE=''
INSTALL_INITSCRIPT_TRUE='#'
INSTALL_PROGRAM='${INSTALL}'
INSTALL_SCRIPT='${INSTALL}'
INSTALL_STRIP_PROGRAM='$(install_sh) -c -s'
INSTALL_SYSTEMDUNIT_FALSE=''
INSTALL_SYSTEMDUNIT_TRUE='#'
IS_SVN_BUILD_FALSE='#'
IS_SVN_BUILD_TRUE=''
LDFLAGS=''
LIBOBJS=''
LIBS=''
LTLIBOBJS=''
MAINT='#'
MAINTAINER_MODE_FALSE=''
MAINTAINER_MODE_TRUE='#'
MAKEINFO='${SHELL} /Users/txacias/PycharmProjects/DrivebaseToolset/lib/smartmontools/missing makeinfo'
MAKENSIS=''
MKDIR_P='./install-sh -c -d'
NEED_GETOPT_LONG_FALSE=''
NEED_GETOPT_LONG_TRUE='#'
NEED_REGEX_FALSE=''
NEED_REGEX_TRUE='#'
OBJEXT='o'
OS_DARWIN_FALSE='#'
OS_DARWIN_TRUE=''
OS_SOLARIS_FALSE=''
OS_SOLARIS_TRUE='#'
OS_WIN32_FALSE=''
OS_WIN32_MINGW_FALSE=''
OS_WIN32_MINGW_TRUE='#'
OS_WIN32_NSIS_FALSE=''
OS_WIN32_NSIS_TRUE='#'
OS_WIN32_TRUE='#'
OS_WIN64_FALSE=''
OS_WIN64_TRUE='#'
PACKAGE='smartmontools'
PACKAGE_BUGREPORT='smartmontools-support@listi.jpberlin.de'
PACKAGE_NAME='smartmontools'
PACKAGE_STRING='smartmontools 6.7'
PACKAGE_TARNAME='smartmontools'
PACKAGE_URL=''
PACKAGE_VERSION='6.7'
PATH_SEPARATOR=':'
SET_MAKE=''
SHELL='/bin/sh'
STRIP=''
VERSION='6.7'
WINDMC=''
WINDRES=''
ac_ct_CC='gcc'
ac_ct_CXX='g++'
am__EXEEXT_FALSE=''
am__EXEEXT_TRUE='#'
am__fastdepCCAS_FALSE='#'
am__fastdepCCAS_TRUE=''
am__fastdepCC_FALSE='#'
am__fastdepCC_TRUE=''
am__fastdepCXX_FALSE='#'
am__fastdepCXX_TRUE=''
am__include='include'
am__isrc=''
am__leading_dot='.'
am__nodep='_no'
am__quote=''
am__tar='$${TAR-tar} chof - "$$tardir"'
am__untar='$${TAR-tar} xf -'
attributelog=''
attributelogdir=''
bindir='${exec_prefix}/bin'
build='x86_64-apple-darwin16.7.0'
build_alias=''
build_cpu='x86_64'
build_os='darwin16.7.0'
build_vendor='apple'
datadir='${datarootdir}'
datarootdir='${prefix}/share'
docdir='${datarootdir}/doc/${PACKAGE_TARNAME}'
drivedbdir='${datadir}/${PACKAGE}'
dvidir='${docdir}'
exampledir='${docdir}/examplescripts'
exec_prefix='${prefix}'
gcc_have_attr_packed='yes'
gnupg='gpg'
host='x86_64-apple-darwin16.7.0'
host_alias=''
host_cpu='x86_64'
host_os='darwin16.7.0'
host_vendor='apple'
htmldir='${docdir}'
includedir='${prefix}/include'
infodir='${datarootdir}/info'
initddir=''
initdfile='com.smartmontools.smartd.plist'
install_sh='${SHELL} /Users/txacias/PycharmProjects/DrivebaseToolset/lib/smartmontools/install-sh'
libdir='${exec_prefix}/lib'
libexecdir='${exec_prefix}/libexec'
localedir='${datarootdir}/locale'
localstatedir='${prefix}/var'
mandir='${datarootdir}/man'
mkdir_p='$(MKDIR_P)'
oldincludedir='/usr/include'
os_deps='os_darwin.o'
os_dltools='curl wget lynx svn'
os_dnsdomainname=''
os_hostname=''\''hostname'\'''
os_libs='-framework CoreFoundation -framework IOKit'
os_mailer='mail'
os_man_filter='Darwin'
os_nisdomainname=''\''domainname'\'''
os_win32_manifest=''
pdfdir='${docdir}'
prefix='/usr/local'
program_transform_name='s,x,x,'
psdir='${docdir}'
releaseversion='${PACKAGE}-${VERSION}'
savestates=''
savestatesdir=''
sbindir='${exec_prefix}/sbin'
scriptpath='/usr/local/bin:/usr/bin:/bin'
sharedstatedir='${prefix}/com'
smartd_suffix=''
smartdplugindir='${smartdscriptdir}/smartd_warning.d'
smartdscriptdir='${sysconfdir}'
smartmontools_release_date='2017-11-05'
smartmontools_release_time='15:20:58 UTC'
svn_deps='${srcdir}/.svn/wc.db'
sysconfdir='${prefix}/etc'
systemdenvfile=''
systemdsystemunitdir=''
target_alias=''
with_nvme_devicescan=''
with_selinux=''
with_update_smart_drivedb='yes'

## ----------- ##
## confdefs.h. ##
## ----------- ##

/* confdefs.h */
#define PACKAGE_NAME "smartmontools"
#define PACKAGE_TARNAME "smartmontools"
#define PACKAGE_VERSION "6.7"
#define PACKAGE_STRING "smartmontools 6.7"
#define PACKAGE_BUGREPORT "smartmontools-support@listi.jpberlin.de"
#define PACKAGE_URL ""
#define PACKAGE "smartmontools"
#define VERSION "6.7"
#define SMARTMONTOOLS_CONFIGURE_ARGS ""
#define SMARTMONTOOLS_RELEASE_DATE "2017-11-05"
#define SMARTMONTOOLS_RELEASE_TIME "15:20:58 UTC"
#define CONFIG_H_CVSID "$Id: configure.ac 4621 2017-11-16 18:05:45Z chrfranke $"
#define PACKAGE_HOMEPAGE "http://www.smartmontools.org/"
#define STDC_HEADERS 1
#define HAVE_SYS_TYPES_H 1
#define HAVE_SYS_STAT_H 1
#define HAVE_STDLIB_H 1
#define HAVE_STRING_H 1
#define HAVE_MEMORY_H 1
#define HAVE_STRINGS_H 1
#define HAVE_INTTYPES_H 1
#define HAVE_STDINT_H 1
#define HAVE_UNISTD_H 1
#define HAVE_LOCALE_H 1
#define HAVE_INTTYPES_H 1
#define HAVE_STDINT_H 1
#define HAVE_INT64_T 1
#define HAVE_UINT64_T 1
#define HAVE_GETOPT_LONG 1
#define HAVE_REGCOMP 1
#define HAVE_STRTOULL 1
#define HAVE_UNAME 1
#define HAVE_CLOCK_GETTIME 1
#define HAVE_FTIME 1
#define HAVE_GETTIMEOFDAY 1
#define HAVE_ATTR_PACKED 1
#define HAVE_SIGACTION 1
#define HAVE_WORKING_SNPRINTF 1
#define SMARTMONTOOLS_BUILD_HOST "x86_64-apple-darwin16.7.0"

configure: exit 0

## ---------------------- ##
## Running config.status. ##
## ---------------------- ##

This file was extended by smartmontools config.status 6.7, which was
generated by GNU Autoconf 2.69.  Invocation command line was

  CONFIG_FILES    = 
  CONFIG_HEADERS  = 
  CONFIG_LINKS    = 
  CONFIG_COMMANDS = 
  $ ./config.status --file=update-smart-drivedb

on gan-1200-69.main.ad.rit.edu

config.status:965: creating update-smart-drivedb

## ---------------------- ##
## Running config.status. ##
## ---------------------- ##

This file was extended by smartmontools config.status 6.7, which was
generated by GNU Autoconf 2.69.  Invocation command line was

  CONFIG_FILES    = 
  CONFIG_HEADERS  = 
  CONFIG_LINKS    = 
  CONFIG_COMMANDS = 
  $ ./config.status --file=smartd_warning.sh

on gan-1200-69.main.ad.rit.edu

config.status:965: creating smartd_warning.sh
